Build started 10/13/2016 10:48:34 AM.
     1>Project "C:\Users\Jeff\Dropbox\Stanford\Courses\Year2_Quarter1\CompMusic\Homeworks\Homework2\Builds\VisualStudio2015\AdvAudio.vcxproj" on node 2 (Build target(s)).
     1>Link:
         C:\Program Files (x86)\Microsoft Visual Studio 14.0\VC\bin\link.exe /ERRORREPORT:PROMPT /OUT:"C:\Users\Jeff\Dropbox\Stanford\Courses\Year2_Quarter1\CompMusic\Homeworks\Homework2\Builds\VisualStudio2015\Debug\\AdvAudio.exe" /NOLOGO kernel32.lib user32.lib gdi32.lib winspool.lib comdlg32.lib advapi32.lib shell32.lib ole32.lib oleaut32.lib uuid.lib odbc32.lib odbccp32.lib /NODEFAULTLIB:libcmt.lib /NODEFAULTLIB:msvcrt.lib /MANIFEST /MANIFESTUAC:"level='asInvoker' uiAccess='false'" /manifest:embed /Debug /PDB:"Debug\\AdvAudio.pdb" /SUBSYSTEM:WINDOWS /LARGEADDRESSAWARE /TLBID:1 /DYNAMICBASE /NXCOMPAT /IMPLIB:"C:\Users\Jeff\Dropbox\Stanford\Courses\Year2_Quarter1\CompMusic\Homeworks\Homework2\Builds\VisualStudio2015\Debug\AdvAudio.lib" /MACHINE:X86 /SAFESEH:NO Debug\resources.res
         Debug\\MainComponent.obj
         Debug\\Main.obj
         Debug\\BinaryData.obj
         Debug\\juce_audio_basics.obj
         Debug\\juce_audio_devices.obj
         Debug\\juce_audio_formats.obj
         Debug\\juce_audio_processors.obj
         Debug\\juce_audio_utils.obj
         Debug\\juce_core.obj
         Debug\\juce_cryptography.obj
         Debug\\juce_data_structures.obj
         Debug\\juce_events.obj
         Debug\\juce_graphics.obj
         Debug\\juce_gui_basics.obj
         Debug\\juce_gui_extra.obj
         Debug\\juce_opengl.obj
         Debug\\juce_video.obj
         AdvAudio.vcxproj -> C:\Users\Jeff\Dropbox\Stanford\Courses\Year2_Quarter1\CompMusic\Homeworks\Homework2\Builds\VisualStudio2015\Debug\AdvAudio.exe
     1>Done Building Project "C:\Users\Jeff\Dropbox\Stanford\Courses\Year2_Quarter1\CompMusic\Homeworks\Homework2\Builds\VisualStudio2015\AdvAudio.vcxproj" (Build target(s)).

Build succeeded.

Time Elapsed 00:00:04.79
